Sections:
section seg4000 (attr=<acrwx> align=1):
    4000: symbol: START LAB (0x4000) sec=seg4000 
    4000: symbol: start_point LAB (0x4000) sec=seg4000 
    4000: data(3): 21 a9 43 rabs(8,16,0xffff,0x43a9,inter_bloc LAB (0x43a9) sec=seg4000 ) 
    4003: data(2): 06 81 
    4005: data(2): 0e 00 
    4007: data(3): 11 b3 43 rabs(8,16,0xffff,0x43b3,firmware_interrupted_code LAB (0x43b3) sec=seg4000 ) 
    400a: data(3): cd d7 bc 
    400d: data(3): cd 84 bb 
    4010: data(3): cd f9 44 rabs(8,16,0xffff,0x44f9,select_next_picture LAB (0x44f9) sec=seg4000 ) 
    4013: symbol: effect_loop LAB (0x4013) sec=seg4000 
    4013: data(3): cd a6 44 rabs(8,16,0xffff,0x44a6,select_next_circle LAB (0x44a6) sec=seg4000 ) 
    4016: data(3): cd dc 43 rabs(8,16,0xffff,0x43dc,display_circle LAB (0x43dc) sec=seg4000 ) 
    4019: data(3): cd bd bb 
    401c: data(3): c3 13 40 rabs(8,16,0xffff,0x4013,effect_loop LAB (0x4013) sec=seg4000 ) 
    401f: symbol: intro LAB (0x401f) sec=seg4000 
    401f: data(3): 21 29 45 rabs(8,16,0xffff,0x4529,WRITTER_COLORS LAB (0x4529) sec=seg4000 ) 
    4022: data(1): af 
    4023: data(1): 4e 
    4024: data(1): 41 
    4025: data(1): 23 
    4026: data(1): e5 
    4027: data(1): c5 
    4028: data(1): f5 
    4029: data(3): cd 32 bc 
    402c: data(1): f1 
    402d: data(1): c1 
    402e: data(1): e1 
    402f: data(1): e5 
    4030: data(1): c5 
    4031: data(1): f5 
    4032: data(3): cd 38 bc 
    4035: data(1): f1 
    4036: data(1): c1 
    4037: data(1): e1 
    4038: data(1): 3c 
    4039: data(1): 4e 
    403a: data(1): 41 
    403b: data(1): 23 
    403c: data(1): e5 
    403d: data(1): c5 
    403e: data(1): f5 
    403f: data(3): cd 32 bc 
    4042: data(1): f1 
    4043: data(1): c1 
    4044: data(1): e1 
    4045: data(1): 3c 
    4046: data(1): 4e 
    4047: data(1): 41 
    4048: data(1): 23 
    4049: data(1): e5 
    404a: data(1): c5 
    404b: data(1): f5 
    404c: data(3): cd 32 bc 
    404f: data(1): f1 
    4050: data(1): c1 
    4051: data(1): e1 
    4052: data(1): 3c 
    4053: data(1): 4e 
    4054: data(1): 41 
    4055: data(1): 23 
    4056: data(1): e5 
    4057: data(1): c5 
    4058: data(1): f5 
    4059: data(3): cd 32 bc 
    405c: data(1): f1 
    405d: data(1): c1 
    405e: data(1): e1 
    405f: data(3): 21 1b 01 
    4062: data(3): cd 75 bb 
    4065: data(3): cd 7d 40 rabs(8,16,0xffff,0x407d,intro_print_line LAB (0x407d) sec=seg4000 ) 
    4068: data(3): cd 84 bb 
    406b: data(2): 06 6e 
    406d: symbol: intro_wait LAB (0x406d) sec=seg4000 
    406d: data(3): cd 19 bd 
    4070: data(1): 76 
    4071: data(1): 76 
    4072: data(3): cd 19 bd 
    4075: data(2): 10 f6 rpc(8,8,0xffff,0x406c,intro_wait LAB (0x406d) sec=seg4000 ) 
    4077: data(2): 3e 01 
    4079: data(3): cd 0e bc 
    407c: data(1): c9 
    407d: symbol: intro_print_line LAB (0x407d) sec=seg4000 
    407d: data(3): 21 b3 40 rabs(8,16,0xffff,0x40b3,intro_txt LAB (0x40b3) sec=seg4000 ) 
    4080: symbol: intro_print_line_loop LAB (0x4080) sec=seg4000 
    4080: data(1): 7e 
    4081: data(1): b7 
    4082: data(1): c8 
    4083: data(3): cd 19 bd 
    4086: data(1): 76 
    4087: data(1): 76 
    4088: data(3): cd 19 bd 
    408b: data(1): 23 
    408c: data(2): fe 08 
    408e: data(2): 20 0a rpc(8,8,0xffff,0x4099,intro_no_backspace LAB (0x409a) sec=seg4000 ) 
    4090: data(3): cd 5a bb 
    4093: data(2): 3e 20 
    4095: data(3): cd 5a bb 
    4098: data(2): 3e 08 
    409a: symbol: intro_no_backspace LAB (0x409a) sec=seg4000 
    409a: data(3): cd 5a bb 
    409d: symbol: intro_cursor LAB (0x409d) sec=seg4000 
    409d: data(2): 3e 01 
    409f: data(1): 3c 
    40a0: data(3): 32 9e 40 rabs(8,16,0xffff,0x409e,intro_cursor LAB (0x409d) sec=seg4000 ) 
    40a3: data(2): e6 01 
    40a5: data(2): 28 06 rpc(8,8,0xffff,0x40ac,intro_cursor_off LAB (0x40ad) sec=seg4000 ) 
    40a7: data(3): cd 81 bb 
    40aa: data(3): c3 80 40 rabs(8,16,0xffff,0x4080,intro_print_line_loop LAB (0x4080) sec=seg4000 ) 
    40ad: symbol: intro_cursor_off LAB (0x40ad) sec=seg4000 
    40ad: data(3): cd 84 bb 
    40b0: data(3): c3 80 40 rabs(8,16,0xffff,0x4080,intro_print_line_loop LAB (0x4080) sec=seg4000 ) 
    40b3: symbol: intro_txt LAB (0x40b3) sec=seg4000 
    40b3: data(11): 57 45 4c 43 4f 4d 45 20 49 4e 20 
    40be: data(1): 18 
    40bf: data(11): 47 4c 4f 52 59 20 48 4f 4c 45 53 
    40ca: data(1): 18 
    40cb: data(1): 0a 
    40cc: data(1): 0d 
    40cd: data(1): 0a 
    40ce: data(1): 0d 
    40cf: data(1): 18 
    40d0: data(7): 43 72 45 64 49 74 73 
    40d7: data(1): 18 
    40d8: data(27): 20 66 6f 72 20 74 68 65 20 69 6e 74 72 6f 20 77 69 6e 6e 65 72 20 63 6f 6d 70 6f 
    40f3: data(1): 0a 
    40f4: data(1): 0d 
    40f5: space(26,fill=08)
    410f: data(15): 69 73 20 73 6d 61 6c 6c 20 69 6e 74 72 6f 3a 
    411e: data(1): 0a 
    411f: data(1): 0d 
    4120: data(1): 0a 
    4121: data(1): 0d 
    4122: data(1): 0f 
    4123: data(1): 02 
    4124: data(3): 5a 38 30 
    4127: data(1): 0f 
    4128: data(1): 01 
    4129: data(1): 09 
    412a: data(18): 4b 72 75 73 74 79 2f 42 65 6e 65 64 69 63 74 69 6f 6e 
    413c: data(1): 0a 
    413d: data(1): 0d 
    413e: data(1): 0f 
    413f: data(1): 02 
    4140: data(3): 53 46 58 
    4143: data(1): 0f 
    4144: data(1): 01 
    4145: data(1): 09 
    4146: data(31): 54 6f 6d 26 4a 65 72 72 79 2f 47 65 73 74 61 74 69 6f 6e 20 50 6f 75 72 20 41 75 74 72 75 69 
    4165: data(1): 0a 
    4166: data(1): 0d 
    4167: space(25,fill=08)
    4180: data(2): 50 41 
    4182: data(1): 0a 
    4183: data(1): 0d 
    4184: data(1): 0f 
    4185: data(1): 02 
    4186: data(3): 47 46 58 
    4189: data(1): 0f 
    418a: data(1): 01 
    418b: data(1): 09 
    418c: data(10): 42 65 62 2f 56 61 6e 69 74 79 
    4196: data(1): 0a 
    4197: data(1): 0d 
    4198: data(3): 20 20 20 
    419b: data(1): 09 
    419c: data(12): 43 65 64 2f 43 6f 6e 64 65 6e 73 65 
    41a8: data(1): 0a 
    41a9: data(1): 0d 
    41aa: data(3): 20 20 20 
    41ad: data(1): 09 
    41ae: data(17): 47 72 69 6d 2f 53 65 6d 69 6c 61 6e 63 65 61 74 61 
    41bf: data(1): 0a 
    41c0: data(1): 0d 
    41c1: data(3): 20 20 20 
    41c4: data(1): 09 
    41c5: data(20): 56 6f 78 66 72 65 61 78 2f 42 65 6e 65 64 69 63 74 69 6f 6e 
    41d9: data(1): 0a 
    41da: data(1): 0d 
    41db: data(1): 0a 
    41dc: data(1): 0d 
    41dd: data(26): 41 70 70 6f 6c 6f 67 69 65 73 20 74 6f 20 4c 6f 61 64 65 72 72 6f 72 2e 2e 2e 
    41f7: data(1): 0a 
    41f8: data(1): 0d 
    41f9: data(1): 0a 
    41fa: data(1): 0d 
    41fb: data(34): 46 75 63 6b 20 74 6f 20 74 68 65 20 73 6c 65 65 70 69 6e 67 20 43 50 43 20 73 63 65 6e 65 72 73 21 20 
    421d: space(34,fill=08)
    423f: data(1): 18 
    4240: data(10): 4b 69 73 73 65 73 20 74 6f 3a 
    424a: data(1): 18 
    424b: data(1): 0f 
    424c: data(1): 03 
    424d: data(6): 20 41 72 6b 6f 73 
    4253: data(5): 2c 20 41 53 44 
    4258: data(14): 2c 20 42 61 74 6d 61 6e 20 47 72 6f 75 70 
    4266: data(13): 2c 20 42 72 2d 61 69 6e 73 74 6f 72 6d 
    4273: data(12): 2c 20 43 68 65 63 6b 70 6f 69 6e 74 
    427f: data(8): 2c 20 43 6f 73 69 6e 65 
    4287: data(16): 2c 20 20 43 74 72 6c 2d 41 6c 74 2d 54 65 73 74 
    4297: data(11): 2c 20 44 65 6b 61 64 65 6e 63 65 
    42a2: data(13): 2c 20 44 69 72 74 79 20 4d 69 6e 64 73 
    42af: data(19): 2c 20 44 75 61 6c 20 43 72 65 77 26 53 68 69 6e 69 6e 67 
    42c2: data(7): 2c 20 45 6c 75 64 65 
    42c9: data(11): 2c 20 45 70 68 69 64 72 65 6e 61 
    42d4: data(14): 2c 20 48 4f 4f 59 2d 50 52 4f 47 52 41 4d 
    42e2: data(11): 2c 4d 61 64 57 69 7a 61 72 64 73 
    42ed: data(10): 2c 20 4d 61 74 61 68 61 72 69 
    42f7: data(12): 2c 20 52 61 7a 6f 72 20 31 39 31 31 
    4303: data(11): 2c 20 53 65 63 74 6f 72 4f 6e 65 
    430e: data(14): 2c 20 53 65 6d 69 6c 61 6e 63 65 61 74 61 
    431c: data(30): 2c 20 74 61 68 69 74 69 20 62 6f 62 20 63 72 61 63 6b 69 6e 67 20 20 73 65 72 76 69 63 65 
    433a: data(21): 2c 20 54 68 65 20 52 65 64 20 53 65 63 74 6f 72 20 49 6e 63 2e 
    434f: data(8): 2c 20 56 61 6e 69 74 79 
    4357: data(1): 0f 
    4358: data(1): 01 
    4359: data(1): 0a 
    435a: data(1): 0d 
    435b: data(1): 0a 
    435c: data(1): 0d 
    435d: data(17): 3d 3e 20 56 6f 74 65 20 66 6f 72 20 55 73 20 3c 3d 
    436e: space(17,fill=08)
    437f: data(39): 20 20 20 20 20 20 20 20 20 20 20 20 20 20 20 20 20 20 20 20 20 20 46 49 52 4d 57 41 52 45 20 52 55 4c 45 5a 20 21 21 
    43a6: data(1): 0a 
    43a7: data(1): 0d 
    43a8: data(1): 00 
    43a9: symbol: inter_bloc LAB (0x43a9) sec=seg4000 
    43a9: space(10,fill=00)
    43b3: symbol: firmware_interrupted_code LAB (0x43b3) sec=seg4000 
    43b3: data(1): f3 
    43b4: data(1): f5 
    43b5: data(1): c5 
    43b6: data(1): e5 
    43b7: data(1): d5 
    43b8: data(1): d9 
    43b9: data(1): c5 
    43ba: data(1): d5 
    43bb: data(1): e5 
    43bc: data(1): 08 
    43bd: data(1): f5 
    43be: data(2): dd e5 
    43c0: data(2): fd e5 
    43c2: data(2): fd e1 
    43c4: data(2): dd e1 
    43c6: data(1): f1 
    43c7: data(1): 08 
    43c8: data(1): e1 
    43c9: data(1): d1 
    43ca: data(1): c1 
    43cb: data(1): d9 
    43cc: data(1): d1 
    43cd: data(1): e1 
    43ce: symbol: leave_inter LAB (0x43ce) sec=seg4000 
    43ce: data(1): c1 
    43cf: data(1): f1 
    43d0: data(1): fb 
    43d1: data(1): c9 
    43d2: symbol: VALUE1 LAB (0x43d2) sec=seg4000 
    43d2: data(2): 00 00 
    43d4: symbol: VALUE2 LAB (0x43d4) sec=seg4000 
    43d4: data(2): 00 00 
    43d6: symbol: select_center LAB (0x43d6) sec=seg4000 
    43d6: data(1): f5 
    43d7: data(3): cd c9 bb 
    43da: data(1): f1 
    43db: data(1): c9 
    43dc: symbol: display_circle LAB (0x43dc) sec=seg4000 
    43dc: symbol: display_circle_horizontal_position LAB (0x43dc) sec=seg4000 
    43dc: data(3): 11 40 01 
    43df: symbol: display_circle_vertical_position LAB (0x43df) sec=seg4000 
    43df: data(3): 21 d0 00 
    43e2: symbol: display_circle_radius LAB (0x43e2) sec=seg4000 
    43e2: data(2): 3e 78 
    43e4: data(3): cd d6 43 rabs(8,16,0xffff,0x43d6,select_center LAB (0x43d6) sec=seg4000 ) 
    43e7: data(1): 47 
    43e8: data(2): 3e 01 
    43ea: symbol: display_circle_loop LAB (0x43ea) sec=seg4000 
    43ea: data(1): c5 
    43eb: data(1): f5 
    43ec: data(3): cd f5 43 rabs(8,16,0xffff,0x43f5,display_one_circle LAB (0x43f5) sec=seg4000 ) 
    43ef: data(1): f1 
    43f0: data(1): c1 
    43f1: data(1): 3c 
    43f2: data(2): 10 f6 rpc(8,8,0xffff,0x43e9,display_circle_loop LAB (0x43ea) sec=seg4000 ) 
    43f4: data(1): c9 
    43f5: symbol: display_one_circle LAB (0x43f5) sec=seg4000 
    43f5: data(2): 16 00 
    43f7: data(1): 5f 
    43f8: data(1): 4f 
    43f9: data(1): 0d 
    43fa: data(1): 47 
    43fb: symbol: display_one_circle_loop LAB (0x43fb) sec=seg4000 
    43fb: data(1): 7b 
    43fc: data(1): ba 
    43fd: data(1): d8 
    43fe: data(1): c5 
    43ff: data(1): d5 
    4400: data(1): 6a 
    4401: data(2): 26 00 
    4403: data(2): 16 00 
    4405: data(1): eb 
    4406: data(1): 29 
    4407: data(1): eb 
    4408: data(1): 29 
    4409: data(4): ed 53 d2 43 rabs(16,16,0xffff,0x43d2,VALUE1 LAB (0x43d2) sec=seg4000 ) 
    440d: data(3): 22 d4 43 rabs(8,16,0xffff,0x43d4,VALUE2 LAB (0x43d4) sec=seg4000 ) 
    4410: data(3): cd ea bb 
    4413: data(3): 2a d2 43 rabs(8,16,0xffff,0x43d2,VALUE1 LAB (0x43d2) sec=seg4000 ) 
    4416: data(4): ed 5b d4 43 rabs(16,16,0xffff,0x43d4,VALUE2 LAB (0x43d4) sec=seg4000 ) 
    441a: data(3): cd ea bb 
    441d: data(4): ed 4b d2 43 rabs(16,16,0xffff,0x43d2,VALUE1 LAB (0x43d2) sec=seg4000 ) 
    4421: data(3): 21 00 00 
    4424: data(2): ed 42 
    4426: data(4): ed 5b d4 43 rabs(16,16,0xffff,0x43d4,VALUE2 LAB (0x43d4) sec=seg4000 ) 
    442a: data(3): cd ea bb 
    442d: data(4): ed 4b d2 43 rabs(16,16,0xffff,0x43d2,VALUE1 LAB (0x43d2) sec=seg4000 ) 
    4431: data(3): 21 00 00 
    4434: data(2): ed 42 
    4436: data(4): ed 5b d4 43 rabs(16,16,0xffff,0x43d4,VALUE2 LAB (0x43d4) sec=seg4000 ) 
    443a: data(1): eb 
    443b: data(3): cd ea bb 
    443e: data(4): ed 5b d2 43 rabs(16,16,0xffff,0x43d2,VALUE1 LAB (0x43d2) sec=seg4000 ) 
    4442: data(4): ed 4b d4 43 rabs(16,16,0xffff,0x43d4,VALUE2 LAB (0x43d4) sec=seg4000 ) 
    4446: data(3): 21 00 00 
    4449: data(2): ed 42 
    444b: data(1): eb 
    444c: data(3): cd ea bb 
    444f: data(4): ed 5b d2 43 rabs(16,16,0xffff,0x43d2,VALUE1 LAB (0x43d2) sec=seg4000 ) 
    4453: data(4): ed 4b d4 43 rabs(16,16,0xffff,0x43d4,VALUE2 LAB (0x43d4) sec=seg4000 ) 
    4457: data(3): 21 00 00 
    445a: data(2): ed 42 
    445c: data(3): cd ea bb 
    445f: data(4): ed 4b d2 43 rabs(16,16,0xffff,0x43d2,VALUE1 LAB (0x43d2) sec=seg4000 ) 
    4463: data(3): 21 00 00 
    4466: data(2): ed 42 
    4468: data(1): eb 
    4469: data(4): ed 4b d4 43 rabs(16,16,0xffff,0x43d4,VALUE2 LAB (0x43d4) sec=seg4000 ) 
    446d: data(3): 21 00 00 
    4470: data(2): ed 42 
    4472: data(1): e5 
    4473: data(1): d5 
    4474: data(3): cd ea bb 
    4477: data(1): e1 
    4478: data(1): d1 
    4479: data(3): cd ea bb 
    447c: data(1): d1 
    447d: data(1): c1 
    447e: symbol: test1 LAB (0x447e) sec=seg4000 
    447e: data(1): 7a 
    447f: data(1): 87 
    4480: data(1): b9 
    4481: data(2): 30 09 rpc(8,8,0xffff,0x448b,test2 LAB (0x448c) sec=seg4000 ) 
    4483: data(1): 6f 
    4484: data(1): 79 
    4485: data(1): 95 
    4486: data(1): 3d 
    4487: data(1): 4f 
    4488: data(1): 14 
    4489: data(3): c3 fb 43 rabs(8,16,0xffff,0x43fb,display_one_circle_loop LAB (0x43fb) sec=seg4000 ) 
    448c: symbol: test2 LAB (0x448c) sec=seg4000 
    448c: data(1): 78 
    448d: data(1): 93 
    448e: data(1): 87 
    448f: data(1): b9 
    4490: data(2): 38 09 rpc(8,8,0xffff,0x449a,test3 LAB (0x449b) sec=seg4000 ) 
    4492: data(1): 7b 
    4493: data(1): 87 
    4494: data(1): 81 
    4495: data(1): 3d 
    4496: data(1): 4f 
    4497: data(1): 1d 
    4498: data(3): c3 fb 43 rabs(8,16,0xffff,0x43fb,display_one_circle_loop LAB (0x43fb) sec=seg4000 ) 
    449b: symbol: test3 LAB (0x449b) sec=seg4000 
    449b: data(1): 7b 
    449c: data(1): 92 
    449d: data(1): 3d 
    449e: data(1): 87 
    449f: data(1): 81 
    44a0: data(1): 4f 
    44a1: data(1): 14 
    44a2: data(1): 1d 
    44a3: data(3): c3 fb 43 rabs(8,16,0xffff,0x43fb,display_one_circle_loop LAB (0x43fb) sec=seg4000 ) 
    44a6: symbol: select_next_circle LAB (0x44a6) sec=seg4000 
    44a6: data(3): 21 87 45 rabs(8,16,0xffff,0x4587,NEBULUS LAB (0x4587) sec=seg4000 ) 
    44a9: data(1): 5e 
    44aa: data(1): 23 
    44ab: data(1): 56 
    44ac: data(1): 23 
    44ad: data(1): 7b 
    44ae: data(1): b2 
    44af: data(3): ca cc 44 rabs(8,16,0xffff,0x44cc,circle_finished LAB (0x44cc) sec=seg4000 ) 
    44b2: data(4): ed 53 dd 43 rabs(16,16,0xffff,0x43dd,display_circle_horizontal_position LAB (0x43dc) sec=seg4000 ) 
    44b6: data(1): 5e 
    44b7: data(1): 23 
    44b8: data(1): 56 
    44b9: data(1): 23 
    44ba: data(4): ed 53 e0 43 rabs(16,16,0xffff,0x43e0,display_circle_vertical_position LAB (0x43df) sec=seg4000 ) 
    44be: data(1): 7e 
    44bf: data(1): 23 
    44c0: data(3): 32 e3 43 rabs(8,16,0xffff,0x43e3,display_circle_radius LAB (0x43e2) sec=seg4000 ) 
    44c3: data(1): 7e 
    44c4: data(1): 23 
    44c5: data(3): 22 a7 44 rabs(8,16,0xffff,0x44a7,select_next_circle LAB (0x44a6) sec=seg4000 ) 
    44c8: data(3): cd de bb 
    44cb: data(1): c9 
    44cc: symbol: circle_finished LAB (0x44cc) sec=seg4000 
    44cc: data(2): 06 c8 
    44ce: symbol: circle_finished_loop LAB (0x44ce) sec=seg4000 
    44ce: data(1): c5 
    44cf: data(3): cd 19 bd 
    44d2: data(2): 06 00 
    44d4: data(2): 10 fe rpc(8,8,0xffff,0x44d3, *current pc dummy* LAB (0x44d4) sec=seg4000 ) 
    44d6: data(1): c1 
    44d7: data(2): 10 f5 rpc(8,8,0xffff,0x44cd,circle_finished_loop LAB (0x44ce) sec=seg4000 ) 
    44d9: data(3): cd e2 44 rabs(8,16,0xffff,0x44e2,clear_screen LAB (0x44e2) sec=seg4000 ) 
    44dc: data(3): cd f9 44 rabs(8,16,0xffff,0x44f9,select_next_picture LAB (0x44f9) sec=seg4000 ) 
    44df: data(3): c3 13 40 rabs(8,16,0xffff,0x4013,effect_loop LAB (0x4013) sec=seg4000 ) 
    44e2: symbol: clear_screen LAB (0x44e2) sec=seg4000 
    44e2: data(3): 21 1c 00 
    44e5: data(3): cd 75 bb 
    44e8: data(2): 06 1c 
    44ea: symbol: clear_screen_loop LAB (0x44ea) sec=seg4000 
    44ea: data(1): c5 
    44eb: data(2): 3e 0a 
    44ed: data(3): cd 5a bb 
    44f0: data(1): c1 
    44f1: data(2): 10 f7 rpc(8,8,0xffff,0x44e9,clear_screen_loop LAB (0x44ea) sec=seg4000 ) 
    44f3: data(2): 3e 01 
    44f5: data(3): cd 0e bc 
    44f8: data(1): c9 
    44f9: symbol: select_next_picture LAB (0x44f9) sec=seg4000 
    44f9: data(3): 21 2d 45 rabs(8,16,0xffff,0x452d,PICTURES_SET LAB (0x452d) sec=seg4000 ) 
    44fc: symbol: select_next_picture_restart LAB (0x44fc) sec=seg4000 
    44fc: data(1): 5e 
    44fd: data(1): 23 
    44fe: data(1): 56 
    44ff: data(1): 7b 
    4500: data(1): b2 
    4501: data(2): 20 05 rpc(8,8,0xffff,0x4507,select_next_picture_not_end LAB (0x4508) sec=seg4000 ) 
    4503: data(3): 21 2d 45 rabs(8,16,0xffff,0x452d,PICTURES_SET LAB (0x452d) sec=seg4000 ) 
    4506: data(2): 18 f4 rpc(8,8,0xffff,0x44fb,select_next_picture_restart LAB (0x44fc) sec=seg4000 ) 
    4508: symbol: select_next_picture_not_end LAB (0x4508) sec=seg4000 
    4508: data(1): 23 
    4509: data(3): 22 fa 44 rabs(8,16,0xffff,0x44fa,select_next_picture LAB (0x44f9) sec=seg4000 ) 
    450c: data(1): eb 
    450d: data(1): 46 
    450e: data(1): 48 
    450f: data(1): e5 
    4510: data(3): cd 38 bc 
    4513: data(1): e1 
    4514: data(1): af 
    4515: symbol: select_next_picture_colors_loop LAB (0x4515) sec=seg4000 
    4515: data(1): 46 
    4516: data(1): 48 
    4517: data(1): 23 
    4518: data(1): f5 
    4519: data(1): e5 
    451a: data(3): cd 32 bc 
    451d: data(1): e1 
    451e: data(1): f1 
    451f: data(1): 3c 
    4520: data(2): fe 04 
    4522: data(3): c2 15 45 rabs(8,16,0xffff,0x4515,select_next_picture_colors_loop LAB (0x4515) sec=seg4000 ) 
    4525: data(3): 22 a7 44 rabs(8,16,0xffff,0x44a7,select_next_circle LAB (0x44a6) sec=seg4000 ) 
    4528: data(1): c9 
    4529: symbol: WRITTER_COLORS LAB (0x4529) sec=seg4000 
    4529: data(1): 0a 
    452a: data(1): 17 
    452b: data(1): 11 
    452c: data(1): 16 
    452d: symbol: PICTURES_SET LAB (0x452d) sec=seg4000 
    452d: data(2): 39 45 rabs(0,16,0xffff,0x4539,BATMAN LAB (0x4539) sec=seg4000 ) 
    452f: data(2): 87 45 rabs(0,16,0xffff,0x4587,NEBULUS LAB (0x4587) sec=seg4000 ) 
    4531: data(2): 3d 47 rabs(0,16,0xffff,0x473d,BEBPICTURE LAB (0x473d) sec=seg4000 ) 
    4533: data(2): 33 48 rabs(0,16,0xffff,0x4833,CEDPICTURE LAB (0x4833) sec=seg4000 ) 
    4535: data(2): cd 4d rabs(0,16,0xffff,0x4dcd,VOXY LAB (0x4dcd) sec=seg4000 ) 
    4537: data(2): 00 00 
    4539: symbol: BATMAN LAB (0x4539) sec=seg4000 
    4539: data(1): 00 
    453a: data(1): 05 
    453b: data(1): 00 
    453c: data(1): 00 
    453d: data(2): 44 01 
    453f: data(2): c4 00 
    4541: data(1): 51 
    4542: data(1): 01 
    4543: data(2): 44 01 
    4545: data(2): 62 01 
    4547: data(1): 41 
    4548: data(1): 00 
    4549: data(2): e0 00 
    454b: data(2): 6e 00 
    454d: data(1): 12 
    454e: data(1): 00 
    454f: data(2): a6 01 
    4551: data(2): 6e 00 
    4553: data(1): 12 
    4554: data(1): 00 
    4555: data(2): 18 01 
    4557: data(2): 6e 00 
    4559: data(1): 0d 
    455a: data(1): 00 
    455b: data(2): 6e 01 
    455d: data(2): 6e 00 
    455f: data(1): 0d 
    4560: data(1): 00 
    4561: data(2): fa 00 
    4563: data(2): 14 00 
    4565: data(1): 33 
    4566: data(1): 00 
    4567: data(2): 8e 01 
    4569: data(2): 14 00 
    456b: data(1): 33 
    456c: data(1): 00 
    456d: data(2): 44 01 
    456f: data(2): ec 00 
    4571: data(1): 1f 
    4572: data(1): 01 
    4573: data(2): 76 01 
    4575: data(2): 10 01 
    4577: data(1): 12 
    4578: data(1): 00 
    4579: data(2): 12 01 
    457b: data(2): 10 01 
    457d: data(1): 12 
    457e: data(1): 00 
    457f: data(2): 44 01 
    4581: data(2): 2e 01 
    4583: data(1): 0b 
    4584: data(1): 00 
    4585: data(2): 00 00 
    4587: symbol: NEBULUS LAB (0x4587) sec=seg4000 
    4587: data(1): 1a 
    4588: data(1): 0d 
    4589: data(1): 00 
    458a: data(1): 13 
    458b: data(2): fa ff 
    458d: data(2): 14 00 
    458f: data(1): 15 
    4590: data(1): 03 
    4591: data(2): 4a 00 
    4593: data(2): ae 00 
    4595: data(1): 0f 
    4596: data(1): 03 
    4597: data(2): 6c 00 
    4599: data(2): e8 ff 
    459b: data(1): 25 
    459c: data(1): 03 
    459d: data(2): 52 00 
    459f: data(2): 0a 00 
    45a1: data(1): 0e 
    45a2: data(1): 00 
    45a3: data(2): 88 00 
    45a5: data(2): 0c 00 
    45a7: data(1): 0e 
    45a8: data(1): 00 
    45a9: data(2): 4e 00 
    45ab: data(2): f8 ff 
    45ad: data(1): 10 
    45ae: data(1): 03 
    45af: data(2): 1e 00 
    45b1: data(2): 9a 00 
    45b3: data(1): 06 
    45b4: data(1): 03 
    45b5: data(2): fc 01 
    45b7: data(2): f4 ff 
    45b9: data(1): 17 
    45ba: data(1): 03 
    45bb: data(2): 58 00 
    45bd: data(2): d8 00 
    45bf: data(1): 06 
    45c0: data(1): 03 
    45c1: data(2): 4e 02 
    45c3: data(2): 80 00 
    45c5: data(1): 0a 
    45c6: data(1): 03 
    45c7: data(2): 34 00 
    45c9: data(2): 5c 00 
    45cb: data(1): 19 
    45cc: data(1): 03 
    45cd: data(2): 40 00 
    45cf: data(2): 76 00 
    45d1: data(1): 08 
    45d2: data(1): 00 
    45d3: data(2): 26 00 
    45d5: data(2): 6e 00 
    45d7: data(1): 05 
    45d8: data(1): 00 
    45d9: data(2): 40 00 
    45db: data(2): 44 00 
    45dd: data(1): 06 
    45de: data(1): 00 
    45df: data(2): d4 01 
    45e1: data(2): ac 00 
    45e3: data(1): 04 
    45e4: data(1): 03 
    45e5: data(2): 3e 00 
    45e7: data(2): d6 00 
    45e9: data(1): 04 
    45ea: data(1): 03 
    45eb: data(2): 56 02 
    45ed: data(2): 36 00 
    45ef: data(1): 1a 
    45f0: data(1): 03 
    45f1: data(2): 50 02 
    45f3: data(2): 2e 00 
    45f5: data(1): 0f 
    45f6: data(1): 00 
    45f7: data(2): 5e 02 
    45f9: data(2): 3e 00 
    45fb: data(1): 14 
    45fc: data(1): 03 
    45fd: data(2): 52 02 
    45ff: data(2): 54 00 
    4601: data(1): 0a 
    4602: data(1): 00 
    4603: data(2): 72 02 
    4605: data(2): 42 00 
    4607: data(1): 07 
    4608: data(1): 00 
    4609: data(2): 7a 00 
    460b: data(2): ca 00 
    460d: data(1): 09 
    460e: data(1): 03 
    460f: data(2): 9e 00 
    4611: data(2): 74 00 
    4613: data(1): 25 
    4614: data(1): 03 
    4615: data(2): a4 00 
    4617: data(2): 5e 00 
    4619: data(1): 11 
    461a: data(1): 00 
    461b: data(2): 94 00 
    461d: data(2): 80 00 
    461f: data(1): 1b 
    4620: data(1): 03 
    4621: data(2): a4 00 
    4623: data(2): 9e 00 
    4625: data(1): 0d 
    4626: data(1): 00 
    4627: data(2): 7e 00 
    4629: data(2): 84 00 
    462b: data(1): 0a 
    462c: data(1): 00 
    462d: data(2): e4 01 
    462f: data(2): b8 00 
    4631: data(1): 05 
    4632: data(1): 03 
    4633: data(2): 3e 02 
    4635: data(2): c2 00 
    4637: data(1): 16 
    4638: data(1): 03 
    4639: data(2): 3c 02 
    463b: data(2): ba 00 
    463d: data(1): 0d 
    463e: data(1): 00 
    463f: data(2): 36 02 
    4641: data(2): c8 00 
    4643: data(1): 10 
    4644: data(1): 03 
    4645: data(2): 36 02 
    4647: data(2): d8 00 
    4649: data(1): 08 
    464a: data(1): 00 
    464b: data(2): 52 02 
    464d: data(2): d0 00 
    464f: data(1): 06 
    4650: data(1): 00 
    4651: data(2): 72 02 
    4653: data(2): 72 00 
    4655: data(1): 07 
    4656: data(1): 03 
    4657: data(2): fa 01 
    4659: data(2): 6a 00 
    465b: data(1): 22 
    465c: data(1): 03 
    465d: data(2): f8 01 
    465f: data(2): 6a 00 
    4661: data(1): 1b 
    4662: data(1): 00 
    4663: data(2): fc 01 
    4665: data(2): 76 00 
    4667: data(1): 1b 
    4668: data(1): 03 
    4669: data(2): f4 01 
    466b: data(2): 8e 00 
    466d: data(1): 0b 
    466e: data(1): 00 
    466f: data(2): 16 02 
    4671: data(2): 7c 00 
    4673: data(1): 06 
    4674: data(1): 00 
    4675: data(2): ec 01 
    4677: data(2): 34 00 
    4679: data(1): 06 
    467a: data(1): 00 
    467b: data(2): d6 00 
    467d: data(2): 12 01 
    467f: data(1): 20 
    4680: data(1): 01 
    4681: data(2): ec 00 
    4683: data(2): fe 00 
    4685: data(1): 29 
    4686: data(1): 00 
    4687: data(2): c0 01 
    4689: data(2): 1e 01 
    468b: data(1): 25 
    468c: data(1): 01 
    468d: data(2): aa 01 
    468f: data(2): 06 01 
    4691: data(1): 2d 
    4692: data(1): 00 
    4693: data(2): 4a 01 
    4695: data(2): 8a 00 
    4697: data(1): 42 
    4698: data(1): 02 
    4699: data(2): fa 00 
    469b: data(2): f8 00 
    469d: data(1): 29 
    469e: data(1): 02 
    469f: data(2): a2 01 
    46a1: data(2): 00 01 
    46a3: data(1): 29 
    46a4: data(1): 02 
    46a5: data(2): 48 01 
    46a7: data(2): 96 00 
    46a9: data(1): 38 
    46aa: data(1): 03 
    46ab: data(2): 44 01 
    46ad: data(2): 92 00 
    46af: data(1): 2a 
    46b0: data(1): 02 
    46b1: data(2): 2a 01 
    46b3: data(2): 5a 00 
    46b5: data(1): 0a 
    46b6: data(1): 00 
    46b7: data(2): 4e 01 
    46b9: data(2): 56 00 
    46bb: data(1): 0b 
    46bc: data(1): 00 
    46bd: data(2): 4a 01 
    46bf: data(2): a6 00 
    46c1: data(1): 2c 
    46c2: data(1): 03 
    46c3: data(2): 32 01 
    46c5: data(2): a4 00 
    46c7: data(1): 08 
    46c8: data(1): 02 
    46c9: data(2): 5a 01 
    46cb: data(2): a4 00 
    46cd: data(1): 08 
    46ce: data(1): 02 
    46cf: data(2): 00 01 
    46d1: data(2): f4 ff 
    46d3: data(1): 23 
    46d4: data(1): 02 
    46d5: data(2): 94 01 
    46d7: data(2): f4 ff 
    46d9: data(1): 23 
    46da: data(1): 02 
    46db: data(2): 00 01 
    46dd: data(2): fe ff 
    46df: data(1): 1c 
    46e0: data(1): 01 
    46e1: data(2): f6 00 
    46e3: data(2): 20 00 
    46e5: data(1): 0a 
    46e6: data(1): 00 
    46e7: data(2): 92 01 
    46e9: data(2): fc ff 
    46eb: data(1): 1c 
    46ec: data(1): 01 
    46ed: data(2): 90 01 
    46ef: data(2): 20 00 
    46f1: data(1): 0a 
    46f2: data(1): 00 
    46f3: data(2): f8 00 
    46f5: data(2): fe 00 
    46f7: data(1): 20 
    46f8: data(1): 00 
    46f9: data(2): fe 00 
    46fb: data(2): fc 00 
    46fd: data(1): 19 
    46fe: data(1): 01 
    46ff: data(2): 04 01 
    4701: data(2): f6 00 
    4703: data(1): 12 
    4704: data(1): 02 
    4705: data(2): 9e 01 
    4707: data(2): 00 01 
    4709: data(1): 24 
    470a: data(1): 00 
    470b: data(2): 8e 01 
    470d: data(2): 00 01 
    470f: data(1): 18 
    4710: data(1): 01 
    4711: data(2): 8a 01 
    4713: data(2): fc 00 
    4715: data(1): 15 
    4716: data(1): 02 
    4717: data(2): 16 01 
    4719: data(2): 08 01 
    471b: data(1): 09 
    471c: data(1): 00 
    471d: data(2): f0 00 
    471f: data(2): f2 00 
    4721: data(1): 05 
    4722: data(1): 00 
    4723: data(2): f6 00 
    4725: data(2): e0 00 
    4727: data(1): 03 
    4728: data(1): 00 
    4729: data(2): a0 01 
    472b: data(2): 0c 01 
    472d: data(1): 09 
    472e: data(1): 00 
    472f: data(2): 6c 01 
    4731: data(2): f6 00 
    4733: data(1): 05 
    4734: data(1): 00 
    4735: data(2): 76 01 
    4737: data(2): e8 00 
    4739: data(1): 03 
    473a: data(1): 00 
    473b: data(2): 00 00 
    473d: symbol: BEBPICTURE LAB (0x473d) sec=seg4000 
    473d: data(1): 0d 
    473e: data(1): 00 
    473f: data(1): 1a 
    4740: data(1): 06 
    4741: data(2): aa 00 
    4743: data(2): aa 00 
    4745: data(1): 1e 
    4746: data(1): 01 
    4747: data(2): b2 00 
    4749: data(2): aa 00 
    474b: data(1): 1a 
    474c: data(1): 02 
    474d: data(2): be 00 
    474f: data(2): aa 00 
    4751: data(1): 14 
    4752: data(1): 01 
    4753: data(2): c2 00 
    4755: data(2): a0 00 
    4757: data(1): 14 
    4758: data(1): 02 
    4759: data(2): 40 01 
    475b: data(2): c8 00 
    475d: data(1): 50 
    475e: data(1): 01 
    475f: data(2): 40 01 
    4761: data(2): aa 00 
    4763: data(1): 50 
    4764: data(1): 01 
    4765: data(2): 40 01 
    4767: data(2): c8 00 
    4769: data(1): 4b 
    476a: data(1): 02 
    476b: data(2): 40 01 
    476d: data(2): aa 00 
    476f: data(1): 4b 
    4770: data(1): 02 
    4771: data(2): 18 01 
    4773: data(2): 50 00 
    4775: data(1): 28 
    4776: data(1): 01 
    4777: data(2): 20 01 
    4779: data(2): 58 00 
    477b: data(1): 28 
    477c: data(1): 02 
    477d: data(2): 76 01 
    477f: data(2): aa 00 
    4781: data(1): 14 
    4782: data(1): 01 
    4783: data(2): 76 01 
    4785: data(2): a0 00 
    4787: data(1): 14 
    4788: data(1): 02 
    4789: data(2): 72 01 
    478b: data(2): 96 00 
    478d: data(1): 14 
    478e: data(1): 01 
    478f: data(2): 72 01 
    4791: data(2): 8c 00 
    4793: data(1): 14 
    4794: data(1): 02 
    4795: data(2): 54 01 
    4797: data(2): 58 00 
    4799: data(1): 1c 
    479a: data(1): 01 
    479b: data(2): 2c 01 
    479d: data(2): 94 00 
    479f: data(1): 24 
    47a0: data(1): 02 
    47a1: data(2): 64 01 
    47a3: data(2): 54 00 
    47a5: data(1): 05 
    47a6: data(1): 02 
    47a7: data(2): 70 01 
    47a9: data(2): 68 00 
    47ab: data(1): 04 
    47ac: data(1): 02 
    47ad: data(2): cc 01 
    47af: data(2): aa 00 
    47b1: data(1): 1e 
    47b2: data(1): 01 
    47b3: data(2): c0 01 
    47b5: data(2): aa 00 
    47b7: data(1): 1a 
    47b8: data(1): 02 
    47b9: data(2): bc 01 
    47bb: data(2): aa 00 
    47bd: data(1): 14 
    47be: data(1): 01 
    47bf: data(2): c0 01 
    47c1: data(2): a0 00 
    47c3: data(1): 14 
    47c4: data(1): 02 
    47c5: data(2): b8 01 
    47c7: data(2): a0 00 
    47c9: data(1): 0f 
    47ca: data(1): 01 
    47cb: data(2): b4 01 
    47cd: data(2): 9c 00 
    47cf: data(1): 0f 
    47d0: data(1): 02 
    47d1: data(2): 04 01 
    47d3: data(2): e6 00 
    47d5: data(1): 14 
    47d6: data(1): 01 
    47d7: data(2): 04 01 
    47d9: data(2): dc 00 
    47db: data(1): 14 
    47dc: data(1): 02 
    47dd: data(2): 54 01 
    47df: data(2): fa 00 
    47e1: data(1): 14 
    47e2: data(1): 01 
    47e3: data(2): 54 01 
    47e5: data(2): f0 00 
    47e7: data(1): 14 
    47e8: data(1): 02 
    47e9: data(2): 0e 01 
    47eb: data(2): d2 00 
    47ed: data(1): 0a 
    47ee: data(1): 01 
    47ef: data(2): 0e 01 
    47f1: data(2): d2 00 
    47f3: data(1): 07 
    47f4: data(1): 00 
    47f5: data(2): 0a 01 
    47f7: data(2): d2 00 
    47f9: data(1): 07 
    47fa: data(1): 02 
    47fb: data(2): 04 01 
    47fd: data(2): dc 00 
    47ff: data(1): 02 
    4800: data(1): 01 
    4801: data(2): 4a 01 
    4803: data(2): d2 00 
    4805: data(1): 0f 
    4806: data(1): 01 
    4807: data(2): 4a 01 
    4809: data(2): d2 00 
    480b: data(1): 0c 
    480c: data(1): 00 
    480d: data(2): 46 01 
    480f: data(2): d2 00 
    4811: data(1): 0c 
    4812: data(1): 02 
    4813: data(2): 54 01 
    4815: data(2): c8 00 
    4817: data(1): 03 
    4818: data(1): 01 
    4819: data(2): 0e 01 
    481b: data(2): 96 00 
    481d: data(1): 14 
    481e: data(1): 01 
    481f: data(2): 14 01 
    4821: data(2): 9c 00 
    4823: data(1): 11 
    4824: data(1): 02 
    4825: data(2): 34 01 
    4827: data(2): 88 00 
    4829: data(1): 0a 
    482a: data(1): 01 
    482b: data(2): 2e 01 
    482d: data(2): 84 00 
    482f: data(1): 08 
    4830: data(1): 02 
    4831: data(2): 00 00 
    4833: symbol: CEDPICTURE LAB (0x4833) sec=seg4000 
    4833: data(1): 0a 
    4834: data(1): 00 
    4835: data(1): 1a 
    4836: data(1): 04 
    4837: data(2): f6 00 
    4839: data(2): 76 01 
    483b: data(1): 04 
    483c: data(1): 02 
    483d: data(2): f8 00 
    483f: data(2): 58 01 
    4841: data(1): 08 
    4842: data(1): 02 
    4843: data(2): 04 01 
    4845: data(2): 86 01 
    4847: data(1): 03 
    4848: data(1): 02 
    4849: data(2): ee 00 
    484b: data(2): 8a 01 
    484d: data(1): 02 
    484e: data(1): 02 
    484f: data(2): f6 00 
    4851: data(2): 76 01 
    4853: data(1): 03 
    4854: data(1): 04 
    4855: data(2): f8 00 
    4857: data(2): 58 01 
    4859: data(1): 07 
    485a: data(1): 04 
    485b: data(2): 04 01 
    485d: data(2): 86 01 
    485f: data(1): 02 
    4860: data(1): 04 
    4861: data(2): ee 00 
    4863: data(2): 8a 01 
    4865: data(1): 01 
    4866: data(1): 04 
    4867: data(2): f8 00 
    4869: data(2): 74 01 
    486b: data(1): 03 
    486c: data(1): 02 
    486d: data(2): fa 00 
    486f: data(2): 56 01 
    4871: data(1): 06 
    4872: data(1): 02 
    4873: data(2): 06 01 
    4875: data(2): 84 01 
    4877: data(1): 02 
    4878: data(1): 02 
    4879: data(2): f0 00 
    487b: data(2): 88 01 
    487d: data(1): 01 
    487e: data(1): 02 
    487f: data(2): ae 01 
    4881: data(2): a0 00 
    4883: data(1): 14 
    4884: data(1): 01 
    4885: data(2): cc 01 
    4887: data(2): 96 00 
    4889: data(1): 0f 
    488a: data(1): 01 
    488b: data(2): e0 01 
    488d: data(2): 8c 00 
    488f: data(1): 0c 
    4890: data(1): 01 
    4891: data(2): ea 01 
    4893: data(2): 82 00 
    4895: data(1): 0a 
    4896: data(1): 01 
    4897: data(2): f4 01 
    4899: data(2): 78 00 
    489b: data(1): 09 
    489c: data(1): 01 
    489d: data(2): 02 02 
    489f: data(2): 74 00 
    48a1: data(1): 08 
    48a2: data(1): 01 
    48a3: data(2): 08 02 
    48a5: data(2): 6e 00 
    48a7: data(1): 07 
    48a8: data(1): 01 
    48a9: data(2): 0c 02 
    48ab: data(2): 6a 00 
    48ad: data(1): 06 
    48ae: data(1): 01 
    48af: data(2): 14 02 
    48b1: data(2): 78 00 
    48b3: data(1): 05 
    48b4: data(1): 01 
    48b5: data(2): 1c 02 
    48b7: data(2): 7c 00 
    48b9: data(1): 04 
    48ba: data(1): 01 
    48bb: data(2): ae 01 
    48bd: data(2): a0 00 
    48bf: data(1): 12 
    48c0: data(1): 03 
    48c1: data(2): cc 01 
    48c3: data(2): 96 00 
    48c5: data(1): 0d 
    48c6: data(1): 03 
    48c7: data(2): e0 01 
    48c9: data(2): 8c 00 
    48cb: data(1): 0b 
    48cc: data(1): 03 
    48cd: data(2): ea 01 
    48cf: data(2): 82 00 
    48d1: data(1): 08 
    48d2: data(1): 03 
    48d3: data(2): f4 01 
    48d5: data(2): 78 00 
    48d7: data(1): 07 
    48d8: data(1): 03 
    48d9: data(2): 02 02 
    48db: data(2): 74 00 
    48dd: data(1): 06 
    48de: data(1): 03 
    48df: data(2): 08 02 
    48e1: data(2): 6e 00 
    48e3: data(1): 05 
    48e4: data(1): 03 
    48e5: data(2): 0c 02 
    48e7: data(2): 6a 00 
    48e9: data(1): 04 
    48ea: data(1): 03 
    48eb: data(2): 14 02 
    48ed: data(2): 78 00 
    48ef: data(1): 03 
    48f0: data(1): 03 
    48f1: data(2): 1c 02 
    48f3: data(2): 7c 00 
    48f5: data(1): 02 
    48f6: data(1): 03 
    48f7: data(2): 4a 01 
    48f9: data(2): f0 00 
    48fb: data(1): 3c 
    48fc: data(1): 01 
    48fd: data(2): 2c 01 
    48ff: data(2): c8 00 
    4901: data(1): 32 
    4902: data(1): 01 
    4903: data(2): d2 00 
    4905: data(2): a0 00 
    4907: data(1): 14 
    4908: data(1): 01 
    4909: data(2): c8 00 
    490b: data(2): 96 00 
    490d: data(1): 11 
    490e: data(1): 01 
    490f: data(2): b4 00 
    4911: data(2): 8c 00 
    4913: data(1): 0f 
    4914: data(1): 01 
    4915: data(2): a0 00 
    4917: data(2): 88 00 
    4919: data(1): 0d 
    491a: data(1): 01 
    491b: data(2): 8c 00 
    491d: data(2): 82 00 
    491f: data(1): 0a 
    4920: data(1): 01 
    4921: data(2): 78 00 
    4923: data(2): 78 00 
    4925: data(1): 08 
    4926: data(1): 01 
    4927: data(2): 64 00 
    4929: data(2): 78 00 
    492b: data(1): 06 
    492c: data(1): 01 
    492d: data(2): 5a 00 
    492f: data(2): 6e 00 
    4931: data(1): 05 
    4932: data(1): 01 
    4933: data(2): 56 00 
    4935: data(2): 72 00 
    4937: data(1): 04 
    4938: data(1): 01 
    4939: data(2): 4e 00 
    493b: data(2): 74 00 
    493d: data(1): 03 
    493e: data(1): 01 
    493f: data(2): 18 01 
    4941: data(2): 78 00 
    4943: data(1): 14 
    4944: data(1): 01 
    4945: data(2): 0e 01 
    4947: data(2): 50 00 
    4949: data(1): 0f 
    494a: data(1): 01 
    494b: data(2): 0e 01 
    494d: data(2): 3c 00 
    494f: data(1): 0c 
    4950: data(1): 01 
    4951: data(2): fe 00 
    4953: data(2): 24 00 
    4955: data(1): 0a 
    4956: data(1): 01 
    4957: data(2): f0 00 
    4959: data(2): 1e 00 
    495b: data(1): 08 
    495c: data(1): 01 
    495d: data(2): e6 00 
    495f: data(2): 18 00 
    4961: data(1): 07 
    4962: data(1): 01 
    4963: data(2): e2 00 
    4965: data(2): 10 00 
    4967: data(1): 06 
    4968: data(1): 01 
    4969: data(2): e0 00 
    496b: data(2): 0c 00 
    496d: data(1): 05 
    496e: data(1): 01 
    496f: data(2): dc 00 
    4971: data(2): 06 00 
    4973: data(1): 04 
    4974: data(1): 01 
    4975: data(2): d8 00 
    4977: data(2): 04 00 
    4979: data(1): 03 
    497a: data(1): 01 
    497b: data(2): 72 01 
    497d: data(2): 6e 00 
    497f: data(1): 14 
    4980: data(1): 01 
    4981: data(2): 78 01 
    4983: data(2): 56 00 
    4985: data(1): 0f 
    4986: data(1): 01 
    4987: data(2): 82 01 
    4989: data(2): 46 00 
    498b: data(1): 0c 
    498c: data(1): 01 
    498d: data(2): 94 01 
    498f: data(2): 38 00 
    4991: data(1): 0a 
    4992: data(1): 01 
    4993: data(2): a4 01 
    4995: data(2): 32 00 
    4997: data(1): 08 
    4998: data(1): 01 
    4999: data(2): ae 01 
    499b: data(2): 28 00 
    499d: data(1): 07 
    499e: data(1): 01 
    499f: data(2): b2 01 
    49a1: data(2): 24 00 
    49a3: data(1): 06 
    49a4: data(1): 01 
    49a5: data(2): b8 01 
    49a7: data(2): 1e 00 
    49a9: data(1): 05 
    49aa: data(1): 01 
    49ab: data(2): bc 01 
    49ad: data(2): 1a 00 
    49af: data(1): 04 
    49b0: data(1): 01 
    49b1: data(2): c0 01 
    49b3: data(2): 16 00 
    49b5: data(1): 03 
    49b6: data(1): 01 
    49b7: data(2): 4a 01 
    49b9: data(2): f0 00 
    49bb: data(1): 3a 
    49bc: data(1): 03 
    49bd: data(2): 2c 01 
    49bf: data(2): c8 00 
    49c1: data(1): 30 
    49c2: data(1): 03 
    49c3: data(2): 4c 01 
    49c5: data(2): f0 00 
    49c7: data(1): 37 
    49c8: data(1): 04 
    49c9: data(2): 48 01 
    49cb: data(2): ec 00 
    49cd: data(1): 36 
    49ce: data(1): 03 
    49cf: data(2): d2 00 
    49d1: data(2): a0 00 
    49d3: data(1): 12 
    49d4: data(1): 03 
    49d5: data(2): c8 00 
    49d7: data(2): 96 00 
    49d9: data(1): 0f 
    49da: data(1): 03 
    49db: data(2): b4 00 
    49dd: data(2): 8c 00 
    49df: data(1): 0d 
    49e0: data(1): 03 
    49e1: data(2): a0 00 
    49e3: data(2): 88 00 
    49e5: data(1): 0b 
    49e6: data(1): 03 
    49e7: data(2): 8c 00 
    49e9: data(2): 82 00 
    49eb: data(1): 08 
    49ec: data(1): 03 
    49ed: data(2): 78 00 
    49ef: data(2): 78 00 
    49f1: data(1): 06 
    49f2: data(1): 03 
    49f3: data(2): 64 00 
    49f5: data(2): 78 00 
    49f7: data(1): 04 
    49f8: data(1): 03 
    49f9: data(2): 5a 00 
    49fb: data(2): 6e 00 
    49fd: data(1): 03 
    49fe: data(1): 03 
    49ff: data(2): 56 00 
    4a01: data(2): 72 00 
    4a03: data(1): 02 
    4a04: data(1): 03 
    4a05: data(2): 4e 00 
    4a07: data(2): 74 00 
    4a09: data(1): 01 
    4a0a: data(1): 03 
    4a0b: data(2): 18 01 
    4a0d: data(2): 78 00 
    4a0f: data(1): 12 
    4a10: data(1): 03 
    4a11: data(2): 0e 01 
    4a13: data(2): 50 00 
    4a15: data(1): 0d 
    4a16: data(1): 03 
    4a17: data(2): 0e 01 
    4a19: data(2): 3c 00 
    4a1b: data(1): 09 
    4a1c: data(1): 03 
    4a1d: data(2): fe 00 
    4a1f: data(2): 24 00 
    4a21: data(1): 08 
    4a22: data(1): 03 
    4a23: data(2): f0 00 
    4a25: data(2): 1e 00 
    4a27: data(1): 06 
    4a28: data(1): 03 
    4a29: data(2): e6 00 
    4a2b: data(2): 18 00 
    4a2d: data(1): 05 
    4a2e: data(1): 03 
    4a2f: data(2): e2 00 
    4a31: data(2): 10 00 
    4a33: data(1): 04 
    4a34: data(1): 03 
    4a35: data(2): e0 00 
    4a37: data(2): 0c 00 
    4a39: data(1): 03 
    4a3a: data(1): 03 
    4a3b: data(2): dc 00 
    4a3d: data(2): 06 00 
    4a3f: data(1): 02 
    4a40: data(1): 03 
    4a41: data(2): d8 00 
    4a43: data(2): 04 00 
    4a45: data(1): 01 
    4a46: data(1): 03 
    4a47: data(2): 72 01 
    4a49: data(2): 6e 00 
    4a4b: data(1): 12 
    4a4c: data(1): 03 
    4a4d: data(2): 78 01 
    4a4f: data(2): 56 00 
    4a51: data(1): 0d 
    4a52: data(1): 03 
    4a53: data(2): 82 01 
    4a55: data(2): 46 00 
    4a57: data(1): 09 
    4a58: data(1): 03 
    4a59: data(2): 94 01 
    4a5b: data(2): 38 00 
    4a5d: data(1): 08 
    4a5e: data(1): 03 
    4a5f: data(2): a4 01 
    4a61: data(2): 32 00 
    4a63: data(1): 06 
    4a64: data(1): 03 
    4a65: data(2): ae 01 
    4a67: data(2): 28 00 
    4a69: data(1): 05 
    4a6a: data(1): 03 
    4a6b: data(2): b2 01 
    4a6d: data(2): 24 00 
    4a6f: data(1): 04 
    4a70: data(1): 03 
    4a71: data(2): b8 01 
    4a73: data(2): 1e 00 
    4a75: data(1): 03 
    4a76: data(1): 03 
    4a77: data(2): bc 01 
    4a79: data(2): 1a 00 
    4a7b: data(1): 02 
    4a7c: data(1): 03 
    4a7d: data(2): c0 01 
    4a7f: data(2): 16 00 
    4a81: data(1): 01 
    4a82: data(1): 03 
    4a83: data(2): 72 01 
    4a85: data(2): 40 01 
    4a87: data(1): 0a 
    4a88: data(1): 04 
    4a89: data(2): 4a 01 
    4a8b: data(2): 2c 01 
    4a8d: data(1): 06 
    4a8e: data(1): 04 
    4a8f: data(2): 80 01 
    4a91: data(2): 22 01 
    4a93: data(1): 03 
    4a94: data(1): 04 
    4a95: data(2): 7c 01 
    4a97: data(2): a0 00 
    4a99: data(1): 08 
    4a9a: data(1): 04 
    4a9b: data(2): 5a 01 
    4a9d: data(2): 96 00 
    4a9f: data(1): 05 
    4aa0: data(1): 04 
    4aa1: data(2): 68 01 
    4aa3: data(2): 88 00 
    4aa5: data(1): 03 
    4aa6: data(1): 04 
    4aa7: data(2): d2 00 
    4aa9: data(2): a0 00 
    4aab: data(1): 02 
    4aac: data(1): 04 
    4aad: data(2): c4 00 
    4aaf: data(2): 98 00 
    4ab1: data(1): 03 
    4ab2: data(1): 04 
    4ab3: data(2): c8 00 
    4ab5: data(2): 84 00 
    4ab7: data(1): 05 
    4ab8: data(1): 04 
    4ab9: data(2): f0 00 
    4abb: data(2): e6 00 
    4abd: data(1): 14 
    4abe: data(1): 01 
    4abf: data(2): 34 01 
    4ac1: data(2): e2 00 
    4ac3: data(1): 0f 
    4ac4: data(1): 01 
    4ac5: data(2): f0 00 
    4ac7: data(2): e6 00 
    4ac9: data(1): 12 
    4aca: data(1): 03 
    4acb: data(2): 34 01 
    4acd: data(2): e2 00 
    4acf: data(1): 0d 
    4ad0: data(1): 03 
    4ad1: data(2): f0 00 
    4ad3: data(2): dc 00 
    4ad5: data(1): 14 
    4ad6: data(1): 01 
    4ad7: data(2): 34 01 
    4ad9: data(2): d8 00 
    4adb: data(1): 0f 
    4adc: data(1): 01 
    4add: data(2): f0 00 
    4adf: data(2): dc 00 
    4ae1: data(1): 12 
    4ae2: data(1): 02 
    4ae3: data(2): 34 01 
    4ae5: data(2): d8 00 
    4ae7: data(1): 0d 
    4ae8: data(1): 02 
    4ae9: data(2): fa 00 
    4aeb: data(2): dc 00 
    4aed: data(1): 09 
    4aee: data(1): 01 
    4aef: data(2): 2c 01 
    4af1: data(2): d8 00 
    4af3: data(1): 05 
    4af4: data(1): 01 
    4af5: data(2): fa 00 
    4af7: data(2): dc 00 
    4af9: data(1): 03 
    4afa: data(1): 02 
    4afb: data(2): 2c 01 
    4afd: data(2): d8 00 
    4aff: data(1): 02 
    4b00: data(1): 02 
    4b01: data(2): f0 00 
    4b03: data(2): a0 00 
    4b05: data(1): 0d 
    4b06: data(1): 01 
    4b07: data(2): f0 00 
    4b09: data(2): a0 00 
    4b0b: data(1): 0b 
    4b0c: data(1): 03 
    4b0d: data(2): f0 00 
    4b0f: data(2): 9c 00 
    4b11: data(1): 08 
    4b12: data(1): 01 
    4b13: data(2): f0 00 
    4b15: data(2): 9e 00 
    4b17: data(1): 07 
    4b18: data(1): 03 
    4b19: data(2): f0 00 
    4b1b: data(2): 9c 00 
    4b1d: data(1): 06 
    4b1e: data(1): 01 
    4b1f: data(2): 0a 01 
    4b21: data(2): 3e 00 
    4b23: data(1): 03 
    4b24: data(1): 02 
    4b25: data(2): e4 00 
    4b27: data(2): 34 00 
    4b29: data(1): 06 
    4b2a: data(1): 02 
    4b2b: data(2): 04 01 
    4b2d: data(2): 2e 00 
    4b2f: data(1): 04 
    4b30: data(1): 02 
    4b31: data(2): 02 01 
    4b33: data(2): 12 00 
    4b35: data(1): 07 
    4b36: data(1): 02 
    4b37: data(2): 0a 01 
    4b39: data(2): 3e 00 
    4b3b: data(1): 02 
    4b3c: data(1): 04 
    4b3d: data(2): e4 00 
    4b3f: data(2): 34 00 
    4b41: data(1): 05 
    4b42: data(1): 04 
    4b43: data(2): 04 01 
    4b45: data(2): 2e 00 
    4b47: data(1): 03 
    4b48: data(1): 04 
    4b49: data(2): 02 01 
    4b4b: data(2): 12 00 
    4b4d: data(1): 06 
    4b4e: data(1): 04 
    4b4f: data(2): 0c 01 
    4b51: data(2): 3c 00 
    4b53: data(1): 02 
    4b54: data(1): 02 
    4b55: data(2): e6 00 
    4b57: data(2): 32 00 
    4b59: data(1): 04 
    4b5a: data(1): 02 
    4b5b: data(2): 06 01 
    4b5d: data(2): 2c 00 
    4b5f: data(1): 02 
    4b60: data(1): 02 
    4b61: data(2): 04 01 
    4b63: data(2): 10 00 
    4b65: data(1): 05 
    4b66: data(1): 02 
    4b67: data(2): 0e 02 
    4b69: data(2): 82 00 
    4b6b: data(1): 05 
    4b6c: data(1): 02 
    4b6d: data(2): e8 01 
    4b6f: data(2): 78 00 
    4b71: data(1): 06 
    4b72: data(1): 02 
    4b73: data(2): 08 02 
    4b75: data(2): 96 00 
    4b77: data(1): 02 
    4b78: data(1): 02 
    4b79: data(2): 06 02 
    4b7b: data(2): 68 00 
    4b7d: data(1): 04 
    4b7e: data(1): 02 
    4b7f: data(2): 0e 02 
    4b81: data(2): 82 00 
    4b83: data(1): 04 
    4b84: data(1): 04 
    4b85: data(2): e8 01 
    4b87: data(2): 78 00 
    4b89: data(1): 05 
    4b8a: data(1): 04 
    4b8b: data(2): 08 02 
    4b8d: data(2): 96 00 
    4b8f: data(1): 01 
    4b90: data(1): 04 
    4b91: data(2): 06 02 
    4b93: data(2): 68 00 
    4b95: data(1): 03 
    4b96: data(1): 04 
    4b97: data(2): 10 02 
    4b99: data(2): 7e 00 
    4b9b: data(1): 04 
    4b9c: data(1): 02 
    4b9d: data(2): ea 01 
    4b9f: data(2): 74 00 
    4ba1: data(1): 05 
    4ba2: data(1): 02 
    4ba3: data(2): 0a 02 
    4ba5: data(2): 94 00 
    4ba7: data(1): 01 
    4ba8: data(1): 02 
    4ba9: data(2): 08 02 
    4bab: data(2): 66 00 
    4bad: data(1): 03 
    4bae: data(1): 02 
    4baf: data(2): 18 00 
    4bb1: data(2): 04 00 
    4bb3: data(1): 0a 
    4bb4: data(1): 03 
    4bb5: data(2): 1a 00 
    4bb7: data(2): 12 00 
    4bb9: data(1): 07 
    4bba: data(1): 03 
    4bbb: data(2): 1a 00 
    4bbd: data(2): 1e 00 
    4bbf: data(1): 09 
    4bc0: data(1): 03 
    4bc1: data(2): 1a 00 
    4bc3: data(2): 28 00 
    4bc5: data(1): 07 
    4bc6: data(1): 03 
    4bc7: data(2): 1c 00 
    4bc9: data(2): 30 00 
    4bcb: data(1): 03 
    4bcc: data(1): 03 
    4bcd: data(2): 1c 00 
    4bcf: data(2): 36 00 
    4bd1: data(1): 04 
    4bd2: data(1): 03 
    4bd3: data(2): 18 00 
    4bd5: data(2): 40 00 
    4bd7: data(1): 06 
    4bd8: data(1): 03 
    4bd9: data(2): 1a 00 
    4bdb: data(2): 4a 00 
    4bdd: data(1): 08 
    4bde: data(1): 03 
    4bdf: data(2): 1e 00 
    4be1: data(2): 52 00 
    4be3: data(1): 08 
    4be4: data(1): 03 
    4be5: data(2): 18 00 
    4be7: data(2): 5c 00 
    4be9: data(1): 05 
    4bea: data(1): 03 
    4beb: data(2): 18 00 
    4bed: data(2): 5c 00 
    4bef: data(1): 05 
    4bf0: data(1): 03 
    4bf1: data(2): 1c 00 
    4bf3: data(2): 68 00 
    4bf5: data(1): 03 
    4bf6: data(1): 03 
    4bf7: data(2): 1a 00 
    4bf9: data(2): 6e 00 
    4bfb: data(1): 04 
    4bfc: data(1): 03 
    4bfd: data(2): 1e 00 
    4bff: data(2): 74 00 
    4c01: data(1): 05 
    4c02: data(1): 03 
    4c03: data(2): 1c 00 
    4c05: data(2): 78 00 
    4c07: data(1): 02 
    4c08: data(1): 03 
    4c09: data(2): 18 00 
    4c0b: data(2): 7e 00 
    4c0d: data(1): 05 
    4c0e: data(1): 03 
    4c0f: data(2): 1c 00 
    4c11: data(2): 8c 00 
    4c13: data(1): 03 
    4c14: data(1): 03 
    4c15: data(2): 22 00 
    4c17: data(2): 96 00 
    4c19: data(1): 06 
    4c1a: data(1): 03 
    4c1b: data(2): 1e 00 
    4c1d: data(2): a0 00 
    4c1f: data(1): 09 
    4c20: data(1): 03 
    4c21: data(2): 1c 00 
    4c23: data(2): aa 00 
    4c25: data(1): 07 
    4c26: data(1): 03 
    4c27: data(2): 18 00 
    4c29: data(2): b4 00 
    4c2b: data(1): 06 
    4c2c: data(1): 03 
    4c2d: data(2): 1a 00 
    4c2f: data(2): be 00 
    4c31: data(1): 08 
    4c32: data(1): 03 
    4c33: data(2): 1e 00 
    4c35: data(2): c8 00 
    4c37: data(1): 08 
    4c38: data(1): 03 
    4c39: data(2): 18 00 
    4c3b: data(2): dc 00 
    4c3d: data(1): 05 
    4c3e: data(1): 03 
    4c3f: data(2): 18 00 
    4c41: data(2): f0 00 
    4c43: data(1): 07 
    4c44: data(1): 03 
    4c45: data(2): 1c 00 
    4c47: data(2): 04 01 
    4c49: data(1): 06 
    4c4a: data(1): 03 
    4c4b: data(2): 1a 00 
    4c4d: data(2): 18 01 
    4c4f: data(1): 09 
    4c50: data(1): 03 
    4c51: data(2): 1e 00 
    4c53: data(2): 2c 01 
    4c55: data(1): 06 
    4c56: data(1): 03 
    4c57: data(2): 1c 00 
    4c59: data(2): 40 01 
    4c5b: data(1): 04 
    4c5c: data(1): 03 
    4c5d: data(2): 18 00 
    4c5f: data(2): 4a 01 
    4c61: data(1): 05 
    4c62: data(1): 03 
    4c63: data(2): 22 00 
    4c65: data(2): 74 00 
    4c67: data(1): 05 
    4c68: data(1): 03 
    4c69: data(2): 26 00 
    4c6b: data(2): 78 00 
    4c6d: data(1): 04 
    4c6e: data(1): 03 
    4c6f: data(2): 16 00 
    4c71: data(2): 7c 00 
    4c73: data(1): 08 
    4c74: data(1): 03 
    4c75: data(2): 1a 00 
    4c77: data(2): 80 00 
    4c79: data(1): 05 
    4c7a: data(1): 03 
    4c7b: data(2): 1e 00 
    4c7d: data(2): 84 00 
    4c7f: data(1): 07 
    4c80: data(1): 03 
    4c81: data(2): 22 00 
    4c83: data(2): 88 00 
    4c85: data(1): 04 
    4c86: data(1): 03 
    4c87: data(2): 26 00 
    4c89: data(2): 8e 00 
    4c8b: data(1): 05 
    4c8c: data(1): 03 
    4c8d: data(2): 2c 00 
    4c8f: data(2): 96 00 
    4c91: data(1): 03 
    4c92: data(1): 03 
    4c93: data(2): 30 00 
    4c95: data(2): 9c 00 
    4c97: data(1): 04 
    4c98: data(1): 03 
    4c99: data(2): 34 00 
    4c9b: data(2): a0 00 
    4c9d: data(1): 05 
    4c9e: data(1): 03 
    4c9f: data(2): 38 00 
    4ca1: data(2): a4 00 
    4ca3: data(1): 03 
    4ca4: data(1): 03 
    4ca5: data(2): 38 00 
    4ca7: data(2): a8 00 
    4ca9: data(1): 02 
    4caa: data(1): 03 
    4cab: data(2): 36 00 
    4cad: data(2): ac 00 
    4caf: data(1): 04 
    4cb0: data(1): 03 
    4cb1: data(2): 34 00 
    4cb3: data(2): b0 00 
    4cb5: data(1): 03 
    4cb6: data(1): 03 
    4cb7: data(2): 38 00 
    4cb9: data(2): b4 00 
    4cbb: data(1): 06 
    4cbc: data(1): 03 
    4cbd: data(2): 5c 02 
    4cbf: data(2): 04 00 
    4cc1: data(1): 0a 
    4cc2: data(1): 03 
    4cc3: data(2): 5c 02 
    4cc5: data(2): 12 00 
    4cc7: data(1): 07 
    4cc8: data(1): 03 
    4cc9: data(2): 5c 02 
    4ccb: data(2): 1e 00 
    4ccd: data(1): 09 
    4cce: data(1): 03 
    4ccf: data(2): 5c 02 
    4cd1: data(2): 28 00 
    4cd3: data(1): 07 
    4cd4: data(1): 03 
    4cd5: data(2): 60 02 
    4cd7: data(2): 30 00 
    4cd9: data(1): 03 
    4cda: data(1): 03 
    4cdb: data(2): 60 02 
    4cdd: data(2): 36 00 
    4cdf: data(1): 04 
    4ce0: data(1): 03 
    4ce1: data(2): 5c 02 
    4ce3: data(2): 40 00 
    4ce5: data(1): 06 
    4ce6: data(1): 03 
    4ce7: data(2): 5e 02 
    4ce9: data(2): 4a 00 
    4ceb: data(1): 08 
    4cec: data(1): 03 
    4ced: data(2): 62 02 
    4cef: data(2): 52 00 
    4cf1: data(1): 08 
    4cf2: data(1): 03 
    4cf3: data(2): 5c 02 
    4cf5: data(2): 5c 00 
    4cf7: data(1): 05 
    4cf8: data(1): 03 
    4cf9: data(2): 5c 02 
    4cfb: data(2): 5c 00 
    4cfd: data(1): 05 
    4cfe: data(1): 03 
    4cff: data(2): 60 02 
    4d01: data(2): 68 00 
    4d03: data(1): 03 
    4d04: data(1): 03 
    4d05: data(2): 5e 02 
    4d07: data(2): 6e 00 
    4d09: data(1): 04 
    4d0a: data(1): 03 
    4d0b: data(2): 62 02 
    4d0d: data(2): 74 00 
    4d0f: data(1): 05 
    4d10: data(1): 03 
    4d11: data(2): 60 02 
    4d13: data(2): 78 00 
    4d15: data(1): 02 
    4d16: data(1): 03 
    4d17: data(2): 5c 02 
    4d19: data(2): 7e 00 
    4d1b: data(1): 05 
    4d1c: data(1): 03 
    4d1d: data(2): 60 02 
    4d1f: data(2): 8c 00 
    4d21: data(1): 03 
    4d22: data(1): 03 
    4d23: data(2): 66 02 
    4d25: data(2): 96 00 
    4d27: data(1): 06 
    4d28: data(1): 03 
    4d29: data(2): 62 02 
    4d2b: data(2): a0 00 
    4d2d: data(1): 09 
    4d2e: data(1): 03 
    4d2f: data(2): 60 02 
    4d31: data(2): aa 00 
    4d33: data(1): 07 
    4d34: data(1): 03 
    4d35: data(2): 5c 02 
    4d37: data(2): b4 00 
    4d39: data(1): 06 
    4d3a: data(1): 03 
    4d3b: data(2): 5e 02 
    4d3d: data(2): be 00 
    4d3f: data(1): 08 
    4d40: data(1): 03 
    4d41: data(2): 62 02 
    4d43: data(2): c8 00 
    4d45: data(1): 08 
    4d46: data(1): 03 
    4d47: data(2): 5c 02 
    4d49: data(2): dc 00 
    4d4b: data(1): 05 
    4d4c: data(1): 03 
    4d4d: data(2): 5c 02 
    4d4f: data(2): f0 00 
    4d51: data(1): 07 
    4d52: data(1): 03 
    4d53: data(2): 60 02 
    4d55: data(2): 04 01 
    4d57: data(1): 06 
    4d58: data(1): 03 
    4d59: data(2): 5e 02 
    4d5b: data(2): 18 01 
    4d5d: data(1): 09 
    4d5e: data(1): 03 
    4d5f: data(2): 62 02 
    4d61: data(2): 2c 01 
    4d63: data(1): 06 
    4d64: data(1): 03 
    4d65: data(2): 60 02 
    4d67: data(2): 40 01 
    4d69: data(1): 04 
    4d6a: data(1): 03 
    4d6b: data(2): 5c 02 
    4d6d: data(2): 4a 01 
    4d6f: data(1): 05 
    4d70: data(1): 03 
    4d71: data(2): 66 02 
    4d73: data(2): 54 01 
    4d75: data(1): 04 
    4d76: data(1): 03 
    4d77: data(2): 6a 02 
    4d79: data(2): 5e 01 
    4d7b: data(1): 03 
    4d7c: data(1): 03 
    4d7d: data(2): 6e 02 
    4d7f: data(2): 68 01 
    4d81: data(1): 04 
    4d82: data(1): 03 
    4d83: data(2): 72 02 
    4d85: data(2): 72 01 
    4d87: data(1): 02 
    4d88: data(1): 03 
    4d89: data(2): 44 02 
    4d8b: data(2): 84 00 
    4d8d: data(1): 07 
    4d8e: data(1): 03 
    4d8f: data(2): 52 02 
    4d91: data(2): 86 00 
    4d93: data(1): 04 
    4d94: data(1): 03 
    4d95: data(2): 56 02 
    4d97: data(2): 88 00 
    4d99: data(1): 08 
    4d9a: data(1): 03 
    4d9b: data(2): 48 02 
    4d9d: data(2): 8a 00 
    4d9f: data(1): 03 
    4da0: data(1): 03 
    4da1: data(2): 44 02 
    4da3: data(2): 8c 00 
    4da5: data(1): 04 
    4da6: data(1): 03 
    4da7: data(2): 48 02 
    4da9: data(2): 8e 00 
    4dab: data(1): 07 
    4dac: data(1): 03 
    4dad: data(2): 54 02 
    4daf: data(2): 90 00 
    4db1: data(1): 03 
    4db2: data(1): 03 
    4db3: data(2): 52 02 
    4db5: data(2): 94 00 
    4db7: data(1): 02 
    4db8: data(1): 03 
    4db9: data(2): 52 02 
    4dbb: data(2): 98 00 
    4dbd: data(1): 04 
    4dbe: data(1): 03 
    4dbf: data(2): 50 02 
    4dc1: data(2): 9c 00 
    4dc3: data(1): 03 
    4dc4: data(1): 03 
    4dc5: data(2): 4e 02 
    4dc7: data(2): a0 00 
    4dc9: data(1): 06 
    4dca: data(1): 03 
    4dcb: data(2): 00 00 
    4dcd: symbol: VOXY LAB (0x4dcd) sec=seg4000 
    4dcd: data(1): 0d 
    4dce: data(1): 00 
    4dcf: data(1): 17 
    4dd0: data(1): 0e 
    4dd1: data(2): 5e 00 
    4dd3: data(2): 30 01 
    4dd5: data(1): 2c 
    4dd6: data(1): 03 
    4dd7: data(2): 7a 00 
    4dd9: data(2): 52 01 
    4ddb: data(1): 1f 
    4ddc: data(1): 00 
    4ddd: data(2): 14 00 
    4ddf: data(2): 12 00 
    4de1: data(1): 13 
    4de2: data(1): 02 
    4de3: data(2): 3c 00 
    4de5: data(2): 04 00 
    4de7: data(1): 0c 
    4de8: data(1): 02 
    4de9: data(2): 70 02 
    4deb: data(2): 0c 00 
    4ded: data(1): 0c 
    4dee: data(1): 02 
    4def: data(2): 4a 02 
    4df1: data(2): 14 00 
    4df3: data(1): 0d 
    4df4: data(1): 02 
    4df5: data(2): 1e 02 
    4df7: data(2): 02 00 
    4df9: data(1): 0f 
    4dfa: data(1): 02 
    4dfb: data(2): 22 01 
    4dfd: data(2): 5e 01 
    4dff: data(1): 11 
    4e00: data(1): 02 
    4e01: data(2): fe 00 
    4e03: data(2): 68 01 
    4e05: data(1): 08 
    4e06: data(1): 02 
    4e07: data(2): 08 01 
    4e09: data(2): 46 01 
    4e0b: data(1): 0c 
    4e0c: data(1): 02 
    4e0d: data(2): e4 00 
    4e0f: data(2): 54 01 
    4e11: data(1): 0b 
    4e12: data(1): 02 
    4e13: data(2): 26 01 
    4e15: data(2): 64 01 
    4e17: data(1): 0a 
    4e18: data(1): 03 
    4e19: data(2): 06 01 
    4e1b: data(2): 40 01 
    4e1d: data(1): 06 
    4e1e: data(1): 03 
    4e1f: data(2): 0a 01 
    4e21: data(2): 44 01 
    4e23: data(1): 07 
    4e24: data(1): 02 
    4e25: data(2): 22 01 
    4e27: data(2): 62 01 
    4e29: data(1): 09 
    4e2a: data(1): 02 
    4e2b: data(2): 94 01 
    4e2d: data(2): 76 01 
    4e2f: data(1): 0a 
    4e30: data(1): 02 
    4e31: data(2): ae 01 
    4e33: data(2): 76 01 
    4e35: data(1): 08 
    4e36: data(1): 02 
    4e37: data(2): ae 01 
    4e39: data(2): 7a 01 
    4e3b: data(1): 04 
    4e3c: data(1): 03 
    4e3d: data(2): 94 01 
    4e3f: data(2): 60 01 
    4e41: data(1): 06 
    4e42: data(1): 02 
    4e43: data(2): aa 01 
    4e45: data(2): 72 01 
    4e47: data(1): 06 
    4e48: data(1): 02 
    4e49: data(2): aa 01 
    4e4b: data(2): 5e 01 
    4e4d: data(1): 08 
    4e4e: data(1): 02 
    4e4f: data(2): ac 01 
    4e51: data(2): 2e 01 
    4e53: data(1): 09 
    4e54: data(1): 02 
    4e55: data(2): 98 01 
    4e57: data(2): 20 01 
    4e59: data(1): 0a 
    4e5a: data(1): 02 
    4e5b: data(2): aa 01 
    4e5d: data(2): 14 01 
    4e5f: data(1): 0d 
    4e60: data(1): 02 
    4e61: data(2): c2 01 
    4e63: data(2): 1a 01 
    4e65: data(1): 0b 
    4e66: data(1): 02 
    4e67: data(2): 92 01 
    4e69: data(2): 22 01 
    4e6b: data(1): 06 
    4e6c: data(1): 03 
    4e6d: data(2): 96 01 
    4e6f: data(2): 22 01 
    4e71: data(1): 06 
    4e72: data(1): 02 
    4e73: data(2): ca 01 
    4e75: data(2): 18 01 
    4e77: data(1): 06 
    4e78: data(1): 03 
    4e79: data(2): c6 01 
    4e7b: data(2): 18 01 
    4e7d: data(1): 06 
    4e7e: data(1): 02 
    4e7f: data(2): 10 02 
    4e81: data(2): 62 01 
    4e83: data(1): 0a 
    4e84: data(1): 02 
    4e85: data(2): 1c 02 
    4e87: data(2): 46 01 
    4e89: data(1): 0c 
    4e8a: data(1): 02 
    4e8b: data(2): 34 02 
    4e8d: data(2): 56 01 
    4e8f: data(1): 11 
    4e90: data(1): 02 
    4e91: data(2): 3e 02 
    4e93: data(2): 3a 01 
    4e95: data(1): 0d 
    4e96: data(1): 02 
    4e97: data(2): 36 02 
    4e99: data(2): 5c 01 
    4e9b: data(1): 0a 
    4e9c: data(1): 03 
    4e9d: data(2): 2e 02 
    4e9f: data(2): 56 01 
    4ea1: data(1): 0c 
    4ea2: data(1): 02 
    4ea3: data(2): f6 00 
    4ea5: data(2): 00 00 
    4ea7: data(1): 13 
    4ea8: data(1): 01 
    4ea9: data(2): 60 01 
    4eab: data(2): 00 00 
    4ead: data(1): 1f 
    4eae: data(1): 01 
    4eaf: data(2): 60 01 
    4eb1: data(2): 04 00 
    4eb3: data(1): 1a 
    4eb4: data(1): 02 
    4eb5: data(2): f6 00 
    4eb7: data(2): 00 00 
    4eb9: data(1): 10 
    4eba: data(1): 02 
    4ebb: data(2): cc 00 
    4ebd: data(2): cc 00 
    4ebf: data(1): 0c 
    4ec0: data(1): 01 
    4ec1: data(2): ce 00 
    4ec3: data(2): ca 00 
    4ec5: data(1): 0a 
    4ec6: data(1): 02 
    4ec7: data(2): d0 00 
    4ec9: data(2): c8 00 
    4ecb: data(1): 06 
    4ecc: data(1): 01 
    4ecd: data(2): 14 01 
    4ecf: data(2): ce 00 
    4ed1: data(1): 0c 
    4ed2: data(1): 01 
    4ed3: data(2): 16 01 
    4ed5: data(2): cc 00 
    4ed7: data(1): 0a 
    4ed8: data(1): 02 
    4ed9: data(2): 18 01 
    4edb: data(2): ca 00 
    4edd: data(1): 06 
    4ede: data(1): 01 
    4edf: data(2): 14 01 
    4ee1: data(2): 52 00 
    4ee3: data(1): 24 
    4ee4: data(1): 01 
    4ee5: data(2): 12 01 
    4ee7: data(2): 52 00 
    4ee9: data(1): 22 
    4eea: data(1): 03 
    4eeb: data(2): b6 00 
    4eed: data(2): 4c 00 
    4eef: data(1): 0d 
    4ef0: data(1): 01 
    4ef1: data(2): b8 00 
    4ef3: data(2): 4a 00 
    4ef5: data(1): 0b 
    4ef6: data(1): 02 
    4ef7: data(2): 54 01 
    4ef9: data(2): 8e 00 
    4efb: data(1): 0d 
    4efc: data(1): 01 
    4efd: data(2): 50 01 
    4eff: data(2): 8c 00 
    4f01: data(1): 0b 
    4f02: data(1): 03 
    4f03: data(2): 56 01 
    4f05: data(2): 92 00 
    4f07: data(1): 0b 
    4f08: data(1): 03 
    4f09: data(2): 68 01 
    4f0b: data(2): 9e 00 
    4f0d: data(1): 0d 
    4f0e: data(1): 01 
    4f0f: data(2): 6a 01 
    4f11: data(2): 9c 00 
    4f13: data(1): 0b 
    4f14: data(1): 02 
    4f15: data(2): f6 00 
    4f17: data(2): 90 00 
    4f19: data(1): 20 
    4f1a: data(1): 01 
    4f1b: data(2): f6 00 
    4f1d: data(2): 90 00 
    4f1f: data(1): 1e 
    4f20: data(1): 03 
    4f21: data(2): f6 00 
    4f23: data(2): 90 00 
    4f25: data(1): 19 
    4f26: data(1): 01 
    4f27: data(2): f6 00 
    4f29: data(2): 9a 00 
    4f2b: data(1): 18 
    4f2c: data(1): 03 
    4f2d: data(2): de 00 
    4f2f: data(2): b0 00 
    4f31: data(1): 06 
    4f32: data(1): 01 
    4f33: data(2): dc 00 
    4f35: data(2): ae 00 
    4f37: data(1): 05 
    4f38: data(1): 03 
    4f39: data(2): e0 00 
    4f3b: data(2): ac 00 
    4f3d: data(1): 04 
    4f3e: data(1): 01 
    4f3f: data(2): e0 00 
    4f41: data(2): ac 00 
    4f43: data(1): 04 
    4f44: data(1): 01 
    4f45: data(2): e0 00 
    4f47: data(2): ac 00 
    4f49: data(1): 03 
    4f4a: data(1): 02 
    4f4b: data(2): 12 01 
    4f4d: data(2): b0 00 
    4f4f: data(1): 06 
    4f50: data(1): 01 
    4f51: data(2): 14 01 
    4f53: data(2): ae 00 
    4f55: data(1): 05 
    4f56: data(1): 03 
    4f57: data(2): 10 01 
    4f59: data(2): ac 00 
    4f5b: data(1): 04 
    4f5c: data(1): 01 
    4f5d: data(2): 10 01 
    4f5f: data(2): ac 00 
    4f61: data(1): 03 
    4f62: data(1): 02 
    4f63: data(2): ac 00 
    4f65: data(2): 48 00 
    4f67: data(1): 06 
    4f68: data(1): 01 
    4f69: data(2): c0 00 
    4f6b: data(2): 54 00 
    4f6d: data(1): 04 
    4f6e: data(1): 01 
    4f6f: data(2): ac 00 
    4f71: data(2): 48 00 
    4f73: data(1): 05 
    4f74: data(1): 00 
    4f75: data(2): c0 00 
    4f77: data(2): 54 00 
    4f79: data(1): 03 
    4f7a: data(1): 00 
    4f7b: data(2): 5e 01 
    4f7d: data(2): 98 00 
    4f7f: data(1): 04 
    4f80: data(1): 01 
    4f81: data(2): 6e 01 
    4f83: data(2): a8 00 
    4f85: data(1): 06 
    4f86: data(1): 01 
    4f87: data(2): 5e 01 
    4f89: data(2): 98 00 
    4f8b: data(1): 03 
    4f8c: data(1): 00 
    4f8d: data(2): 6e 01 
    4f8f: data(2): a8 00 
    4f91: data(1): 05 
    4f92: data(1): 00 
    4f93: data(2): f0 00 
    4f95: data(2): a0 00 
    4f97: data(1): 01 
    4f98: data(1): 01 
    4f99: data(2): 00 01 
    4f9b: data(2): a0 00 
    4f9d: data(1): 01 
    4f9e: data(1): 01 
    4f9f: data(2): 00 00 
Symbols:
VOXY LAB (0x4dcd) sec=seg4000 
CEDPICTURE LAB (0x4833) sec=seg4000 
BEBPICTURE LAB (0x473d) sec=seg4000 
BATMAN LAB (0x4539) sec=seg4000 
select_next_picture_colors_loop LAB (0x4515) sec=seg4000 
select_next_picture_not_end LAB (0x4508) sec=seg4000 
select_next_picture_restart LAB (0x44fc) sec=seg4000 
PICTURES_SET LAB (0x452d) sec=seg4000 
clear_screen_loop LAB (0x44ea) sec=seg4000 
clear_screen LAB (0x44e2) sec=seg4000 
 *current pc dummy* LAB (0x44d4) sec=seg4000 
circle_finished_loop LAB (0x44ce) sec=seg4000 
circle_finished LAB (0x44cc) sec=seg4000 
NEBULUS LAB (0x4587) sec=seg4000 
test3 LAB (0x449b) sec=seg4000 
test2 LAB (0x448c) sec=seg4000 
test1 LAB (0x447e) sec=seg4000 
display_one_circle_loop LAB (0x43fb) sec=seg4000 
display_one_circle LAB (0x43f5) sec=seg4000 
display_circle_loop LAB (0x43ea) sec=seg4000 
display_circle_radius LAB (0x43e2) sec=seg4000 
display_circle_vertical_position LAB (0x43df) sec=seg4000 
display_circle_horizontal_position LAB (0x43dc) sec=seg4000 
select_center LAB (0x43d6) sec=seg4000 
VALUE2 LAB (0x43d4) sec=seg4000 
VALUE1 LAB (0x43d2) sec=seg4000 
leave_inter LAB (0x43ce) sec=seg4000 
intro_cursor_off LAB (0x40ad) sec=seg4000 
intro_cursor LAB (0x409d) sec=seg4000 
intro_no_backspace LAB (0x409a) sec=seg4000 
intro_print_line_loop LAB (0x4080) sec=seg4000 
intro_txt LAB (0x40b3) sec=seg4000 
intro_wait LAB (0x406d) sec=seg4000 
intro_print_line LAB (0x407d) sec=seg4000 
WRITTER_COLORS LAB (0x4529) sec=seg4000 
intro LAB (0x401f) sec=seg4000 
display_circle LAB (0x43dc) sec=seg4000 
select_next_circle LAB (0x44a6) sec=seg4000 
effect_loop LAB (0x4013) sec=seg4000 
select_next_picture LAB (0x44f9) sec=seg4000 
firmware_interrupted_code LAB (0x43b3) sec=seg4000 
inter_bloc LAB (0x43a9) sec=seg4000 
start_point LAB (0x4000) sec=seg4000 
START LAB (0x4000) sec=seg4000 
MC_WAIT_FLYBACK EXPR(48409) 
TXT_SET_COLUMN EXPR(47983) 
TXT_OUTPUT EXPR(47962) 
TXT_SET_CURSO EXPR(47989) 
SCR_SET_MODE EXPR(48142) 
SCR_CLEAR EXPR(48148) 
SCR_SET_BORDER EXPR(48184) 
SCR_SET_INK EXPR(48178) 
GRA_RESET EXPR(48061) 
GRA_SET_PEN EXPR(48094) 
GRA_PLOT_ABSOLUTE EXPR(48106) 
GRA_SET_ORIGIN EXPR(48073) 
MAX_CIRCLE_WIDTH EXPR(120) 
SCREEN_HEIGHT EXPR(208) 
SCREEN_WIDTH EXPR(320) 
NB_FRAMES_TO_WAIt_BETWEEN_PICTURES EXPR(200) 
ENABLE_FAST_PLOT EXPR(0) 
ENABLE_INTRO EXPR(0) 
USE_AT_MUSIC EXPR(0) 
ENABLE_MUSIC EXPR(0) 
BORDER_IN_BLACK EXPR(0) 
START_ADDRESS EXPR(16384) 
__VASM EXPR(0) INTERNAL 
